<!DOCTYPE html PUBLIC "-//W3C//DTD XHTML 1.1//EN" "https://www.w3.org/TR/xhtml11/DTD/xhtml11.dtd">
<html xmlns="https://www.w3.org/1999/xhtml">
<head>
<meta http-equiv="content-type" content="text/html; charset=UTF-8"/>
<title>TestNG Report</title>
<style type="text/css">table {margin-bottom:10px;border-collapse:collapse;empty-cells:show}th,td {border:1px solid #009;padding:.25em .5em}th {vertical-align:bottom}td {vertical-align:top}table a {font-weight:bold}.stripe td {background-color: #E6EBF9}.num {text-align:right}.passedodd td {background-color: #3F3}.passedeven td {background-color: #0A0}.skippedodd td {background-color: #DDD}.skippedeven td {background-color: #CCC}.failedodd td,.attn {background-color: #F33}.failedeven td,.stripe .attn {background-color: #D00}.stacktrace {white-space:pre;font-family:monospace}.totop {font-size:85%;text-align:center;border-bottom:2px solid #000}.invisible {display:none}</style>
</head>
<body>
<table>
<tr><th>Test</th><th># Passed</th><th># Skipped</th><th># Retried</th><th># Failed</th><th>Time (ms)</th><th>Included Groups</th><th>Excluded Groups</th></tr>
<tr><th colspan="8">Suite</th></tr>
<tr><td><a href="#t0">Simple Form Test</a></td><td class="num">4</td><td class="num attn">4</td><td class="num">0</td><td class="num">0</td><td class="num">17,361</td><td></td><td></td></tr>
<tr class="stripe"><td><a href="#t1">Slider Demo Test</a></td><td class="num">2</td><td class="num attn">2</td><td class="num">0</td><td class="num">0</td><td class="num">10,420</td><td></td><td></td></tr>
<tr><td><a href="#t2">Input Form Test</a></td><td class="num">4</td><td class="num attn">4</td><td class="num">0</td><td class="num">0</td><td class="num">13,728</td><td></td><td></td></tr>
<tr><th>Total</th><th class="num">10</th><th class="num attn">10</th><th class="num">0</th><th class="num">0</th><th class="num">41,509</th><th colspan="2"></th></tr>
</table>
<table id='summary'><thead><tr><th>Class</th><th>Method</th><th>Start</th><th>Time (ms)</th></tr></thead><tbody><tr><th colspan="4">Suite</th></tr></tbody><tbody id="t0"><tr><th colspan="4">Simple Form Test &#8212; skipped</th></tr><tr class="skippedeven"><td rowspan="4">testCases.SimpleFormTest</td><td><a href="#m0">validateSimpleFormPageURL</a></td><td rowspan="2">1709469786398</td><td rowspan="2">1</td></tr><tr class="skippedeven"><td><a href="#m1">validateSimpleFormPageURL</a></td></tr><tr class="skippedeven"><td><a href="#m2">validateSimpleFormSubmission</a></td><td rowspan="2">1709469793256</td><td rowspan="2">0</td></tr><tr class="skippedeven"><td><a href="#m3">validateSimpleFormSubmission</a></td></tr><tr><th colspan="4">Simple Form Test &#8212; passed</th></tr><tr class="passedeven"><td rowspan="4">testCases.SimpleFormTest</td><td><a href="#m4">validateSimpleFormPageURL</a></td><td rowspan="2">1709469775960</td><td rowspan="2">4708</td></tr><tr class="passedeven"><td><a href="#m5">validateSimpleFormPageURL</a></td></tr><tr class="passedeven"><td><a href="#m6">validateSimpleFormSubmission</a></td><td rowspan="2">1709469788761</td><td rowspan="2">3877</td></tr><tr class="passedeven"><td><a href="#m7">validateSimpleFormSubmission</a></td></tr></tbody>
<tbody id="t1"><tr><th colspan="4">Slider Demo Test &#8212; skipped</th></tr><tr class="skippedeven"><td rowspan="2">testCases.SliderDemoTest</td><td><a href="#m8">sliderDemoTest</a></td><td rowspan="2">1709469803703</td><td rowspan="2">0</td></tr><tr class="skippedeven"><td><a href="#m9">sliderDemoTest</a></td></tr><tr><th colspan="4">Slider Demo Test &#8212; passed</th></tr><tr class="passedeven"><td rowspan="2">testCases.SliderDemoTest</td><td><a href="#m10">sliderDemoTest</a></td><td rowspan="2">1709469798344</td><td rowspan="2">5355</td></tr><tr class="passedeven"><td><a href="#m11">sliderDemoTest</a></td></tr></tbody>
<tbody id="t2"><tr><th colspan="4">Input Form Test &#8212; skipped</th></tr><tr class="skippedeven"><td rowspan="4">testCases.InputFormTest</td><td><a href="#m12">testEmptyFormSubmission</a></td><td rowspan="2">1709469809964</td><td rowspan="2">0</td></tr><tr class="skippedeven"><td><a href="#m13">testEmptyFormSubmission</a></td></tr><tr class="skippedeven"><td><a href="#m14">testFilledFormSubmission</a></td><td rowspan="2">1709469817435</td><td rowspan="2">0</td></tr><tr class="skippedeven"><td><a href="#m15">testFilledFormSubmission</a></td></tr><tr><th colspan="4">Input Form Test &#8212; passed</th></tr><tr class="passedeven"><td rowspan="4">testCases.InputFormTest</td><td><a href="#m16">testEmptyFormSubmission</a></td><td rowspan="2">1709469805703</td><td rowspan="2">3620</td></tr><tr class="passedeven"><td><a href="#m17">testEmptyFormSubmission</a></td></tr><tr class="passedeven"><td><a href="#m18">testFilledFormSubmission</a></td><td rowspan="2">1709469809982</td><td rowspan="2">2560</td></tr><tr class="passedeven"><td><a href="#m19">testFilledFormSubmission</a></td></tr></tbody>
</table>
<h2>Simple Form Test</h2><h3 id="m0">testCases.SimpleFormTest#validateSimpleFormPageURL</h3><table class="result"><tr class="param"><th>Parameter #1</th><th>Parameter #2</th><th>Parameter #3</th></tr><tr class="param stripe"><td>chrome</td><td>n</td><td>https://www.lambdatest.com/selenium-playground/</td></tr><tr><th colspan="3">Exception</th></tr><tr><td colspan="3"><div class="stacktrace">org.testng.SkipException: Skipping the test as the Run Mode is No
	at testCases.SimpleFormTest.validateSimpleFormPageURL(SimpleFormTest.java:20)
	at java.base/java.util.ArrayList.forEach(ArrayList.java:1511)
... Removed 27 stack frames</div></td></tr></table><p class="totop"><a href="#summary">back to summary</a></p>
<h3 id="m1">testCases.SimpleFormTest#validateSimpleFormPageURL</h3><table class="result"><tr class="param"><th>Parameter #1</th><th>Parameter #2</th><th>Parameter #3</th></tr><tr class="param stripe"><td>firefox</td><td>n</td><td>W</td></tr><tr><th colspan="3">Exception</th></tr><tr><td colspan="3"><div class="stacktrace">org.testng.SkipException: Skipping the test as the Run Mode is No
	at testCases.SimpleFormTest.validateSimpleFormPageURL(SimpleFormTest.java:20)
	at java.base/java.util.ArrayList.forEach(ArrayList.java:1511)
... Removed 27 stack frames</div></td></tr></table><p class="totop"><a href="#summary">back to summary</a></p>
<h3 id="m2">testCases.SimpleFormTest#validateSimpleFormSubmission</h3><table class="result"><tr class="param"><th>Parameter #1</th><th>Parameter #2</th><th>Parameter #3</th></tr><tr class="param stripe"><td>firefox</td><td>n</td><td>https://www.lambdatest.com/selenium-playground/</td></tr><tr><th colspan="3">Exception</th></tr><tr><td colspan="3"><div class="stacktrace">org.testng.SkipException: Skipping the test as the Run Mode is No
	at testCases.SimpleFormTest.validateSimpleFormSubmission(SimpleFormTest.java:42)
	at java.base/java.util.ArrayList.forEach(ArrayList.java:1511)
... Removed 27 stack frames</div></td></tr></table><p class="totop"><a href="#summary">back to summary</a></p>
<h3 id="m3">testCases.SimpleFormTest#validateSimpleFormSubmission</h3><table class="result"><tr class="param"><th>Parameter #1</th><th>Parameter #2</th><th>Parameter #3</th></tr><tr class="param stripe"><td>chrome</td><td>n</td><td>https://www.lambdatest.com/selenium-playground/</td></tr><tr><th colspan="3">Exception</th></tr><tr><td colspan="3"><div class="stacktrace">org.testng.SkipException: Skipping the test as the Run Mode is No
	at testCases.SimpleFormTest.validateSimpleFormSubmission(SimpleFormTest.java:42)
	at java.base/java.util.ArrayList.forEach(ArrayList.java:1511)
... Removed 27 stack frames</div></td></tr></table><p class="totop"><a href="#summary">back to summary</a></p>
<h3 id="m4">testCases.SimpleFormTest#validateSimpleFormPageURL</h3><table class="result"><tr class="param"><th>Parameter #1</th><th>Parameter #2</th><th>Parameter #3</th></tr><tr class="param stripe"><td>chrome</td><td>y</td><td>https://www.lambdatest.com/selenium-playground/</td></tr></table><p class="totop"><a href="#summary">back to summary</a></p>
<h3 id="m5">testCases.SimpleFormTest#validateSimpleFormPageURL</h3><table class="result"><tr class="param"><th>Parameter #1</th><th>Parameter #2</th><th>Parameter #3</th></tr><tr class="param stripe"><td>firefox</td><td>y</td><td>https://www.lambdatest.com/selenium-playground/</td></tr></table><p class="totop"><a href="#summary">back to summary</a></p>
<h3 id="m6">testCases.SimpleFormTest#validateSimpleFormSubmission</h3><table class="result"><tr class="param"><th>Parameter #1</th><th>Parameter #2</th><th>Parameter #3</th></tr><tr class="param stripe"><td>firefox</td><td>y</td><td>https://www.lambdatest.com/selenium-playground/</td></tr></table><p class="totop"><a href="#summary">back to summary</a></p>
<h3 id="m7">testCases.SimpleFormTest#validateSimpleFormSubmission</h3><table class="result"><tr class="param"><th>Parameter #1</th><th>Parameter #2</th><th>Parameter #3</th></tr><tr class="param stripe"><td>chrome</td><td>y</td><td>https://www.lambdatest.com/selenium-playground/</td></tr></table><p class="totop"><a href="#summary">back to summary</a></p>
<h2>Slider Demo Test</h2><h3 id="m8">testCases.SliderDemoTest#sliderDemoTest</h3><table class="result"><tr class="param"><th>Parameter #1</th><th>Parameter #2</th><th>Parameter #3</th></tr><tr class="param stripe"><td>firefox</td><td>n</td><td>https://www.lambdatest.com/selenium-playground/</td></tr><tr><th colspan="3">Exception</th></tr><tr><td colspan="3"><div class="stacktrace">org.testng.SkipException: Skipping the test as the Run Mode is NO
	at testCases.SliderDemoTest.sliderDemoTest(SliderDemoTest.java:19)
	at java.base/java.util.ArrayList.forEach(ArrayList.java:1511)
... Removed 27 stack frames</div></td></tr></table><p class="totop"><a href="#summary">back to summary</a></p>
<h3 id="m9">testCases.SliderDemoTest#sliderDemoTest</h3><table class="result"><tr class="param"><th>Parameter #1</th><th>Parameter #2</th><th>Parameter #3</th></tr><tr class="param stripe"><td>chrome</td><td>n</td><td>https://www.lambdatest.com/selenium-playground/</td></tr><tr><th colspan="3">Exception</th></tr><tr><td colspan="3"><div class="stacktrace">org.testng.SkipException: Skipping the test as the Run Mode is NO
	at testCases.SliderDemoTest.sliderDemoTest(SliderDemoTest.java:19)
	at java.base/java.util.ArrayList.forEach(ArrayList.java:1511)
... Removed 27 stack frames</div></td></tr></table><p class="totop"><a href="#summary">back to summary</a></p>
<h3 id="m10">testCases.SliderDemoTest#sliderDemoTest</h3><table class="result"><tr class="param"><th>Parameter #1</th><th>Parameter #2</th><th>Parameter #3</th></tr><tr class="param stripe"><td>firefox</td><td>y</td><td>https://www.lambdatest.com/selenium-playground/</td></tr></table><p class="totop"><a href="#summary">back to summary</a></p>
<h3 id="m11">testCases.SliderDemoTest#sliderDemoTest</h3><table class="result"><tr class="param"><th>Parameter #1</th><th>Parameter #2</th><th>Parameter #3</th></tr><tr class="param stripe"><td>chrome</td><td>y</td><td>https://www.lambdatest.com/selenium-playground/</td></tr></table><p class="totop"><a href="#summary">back to summary</a></p>
<h2>Input Form Test</h2><h3 id="m12">testCases.InputFormTest#testEmptyFormSubmission</h3><table class="result"><tr class="param"><th>Parameter #1</th><th>Parameter #2</th><th>Parameter #3</th></tr><tr class="param stripe"><td>firefox</td><td>n</td><td>https://www.lambdatest.com/selenium-playground/input-form-demo</td></tr><tr><th colspan="3">Exception</th></tr><tr><td colspan="3"><div class="stacktrace">org.testng.SkipException: Skipping the test as the Run Mode is No
	at testCases.InputFormTest.testEmptyFormSubmission(InputFormTest.java:22)
	at java.base/java.util.ArrayList.forEach(ArrayList.java:1511)
... Removed 27 stack frames</div></td></tr></table><p class="totop"><a href="#summary">back to summary</a></p>
<h3 id="m13">testCases.InputFormTest#testEmptyFormSubmission</h3><table class="result"><tr class="param"><th>Parameter #1</th><th>Parameter #2</th><th>Parameter #3</th></tr><tr class="param stripe"><td>chrome</td><td>n</td><td>https://www.lambdatest.com/selenium-playground/input-form-demo</td></tr><tr><th colspan="3">Exception</th></tr><tr><td colspan="3"><div class="stacktrace">org.testng.SkipException: Skipping the test as the Run Mode is No
	at testCases.InputFormTest.testEmptyFormSubmission(InputFormTest.java:22)
	at java.base/java.util.ArrayList.forEach(ArrayList.java:1511)
... Removed 27 stack frames</div></td></tr></table><p class="totop"><a href="#summary">back to summary</a></p>
<h3 id="m14">testCases.InputFormTest#testFilledFormSubmission</h3><table class="result"><tr class="param"><th>Parameter #1</th><th>Parameter #2</th><th>Parameter #3</th></tr><tr class="param stripe"><td>chrome</td><td>n</td><td>https://www.lambdatest.com/selenium-playground/input-form-demo</td></tr><tr><th colspan="3">Exception</th></tr><tr><td colspan="3"><div class="stacktrace">org.testng.SkipException: Skipping the test as the Run Mode is No
	at testCases.InputFormTest.testFilledFormSubmission(InputFormTest.java:40)
	at java.base/java.util.ArrayList.forEach(ArrayList.java:1511)
... Removed 27 stack frames</div></td></tr></table><p class="totop"><a href="#summary">back to summary</a></p>
<h3 id="m15">testCases.InputFormTest#testFilledFormSubmission</h3><table class="result"><tr class="param"><th>Parameter #1</th><th>Parameter #2</th><th>Parameter #3</th></tr><tr class="param stripe"><td>firefox</td><td>n</td><td>https://www.lambdatest.com/selenium-playground/input-form-demo</td></tr><tr><th colspan="3">Exception</th></tr><tr><td colspan="3"><div class="stacktrace">org.testng.SkipException: Skipping the test as the Run Mode is No
	at testCases.InputFormTest.testFilledFormSubmission(InputFormTest.java:40)
	at java.base/java.util.ArrayList.forEach(ArrayList.java:1511)
... Removed 27 stack frames</div></td></tr></table><p class="totop"><a href="#summary">back to summary</a></p>
<h3 id="m16">testCases.InputFormTest#testEmptyFormSubmission</h3><table class="result"><tr class="param"><th>Parameter #1</th><th>Parameter #2</th><th>Parameter #3</th></tr><tr class="param stripe"><td>firefox</td><td>y</td><td>https://www.lambdatest.com/selenium-playground/input-form-demo</td></tr></table><p class="totop"><a href="#summary">back to summary</a></p>
<h3 id="m17">testCases.InputFormTest#testEmptyFormSubmission</h3><table class="result"><tr class="param"><th>Parameter #1</th><th>Parameter #2</th><th>Parameter #3</th></tr><tr class="param stripe"><td>chrome</td><td>y</td><td>https://www.lambdatest.com/selenium-playground/input-form-demo</td></tr></table><p class="totop"><a href="#summary">back to summary</a></p>
<h3 id="m18">testCases.InputFormTest#testFilledFormSubmission</h3><table class="result"><tr class="param"><th>Parameter #1</th><th>Parameter #2</th><th>Parameter #3</th></tr><tr class="param stripe"><td>chrome</td><td>y</td><td>https://www.lambdatest.com/selenium-playground/input-form-demo</td></tr></table><p class="totop"><a href="#summary">back to summary</a></p>
<h3 id="m19">testCases.InputFormTest#testFilledFormSubmission</h3><table class="result"><tr class="param"><th>Parameter #1</th><th>Parameter #2</th><th>Parameter #3</th></tr><tr class="param stripe"><td>firefox</td><td>y</td><td>https://www.lambdatest.com/selenium-playground/input-form-demo</td></tr></table><p class="totop"><a href="#summary">back to summary</a></p>
</body>
</html>
